<?xml version="1.0" encoding="UTF-8"?>
<!-- Generated by org.testng.reporters.JUnitXMLReporter -->
<testsuite hostname="W109NC46Y2" ignored="0" name="ChromeTest" tests="1" failures="0" timestamp="23 Jul 2020 21:35:15 GMT" time="0.036" errors="0">
  <testcase name="@BeforeMethod setUp" time="0.0" classname="com.example.resources.Base">
    <failure type="org.testng.TestNGException" message="
Parameter &amp;apos;appURL&amp;apos; is required by BeforeMethod on method setUp but has not been marked @Optional or defined
in C:\workspace\FlipkartFramework\Grid.xml">
      <![CDATA[org.testng.TestNGException: 
Parameter 'appURL' is required by BeforeMethod on method setUp but has not been marked @Optional or defined
in C:\workspace\FlipkartFramework\Grid.xml
at java.util.concurrent.FutureTask.run(Unknown Source)
at java.util.concurrent.ThreadPoolExecutor.runWorker(Unknown Source)
at java.util.concurrent.ThreadPoolExecutor$Worker.run(Unknown Source)
at java.lang.Thread.run(Unknown Source)
... Removed 16 stack frames]]>
    </failure>
  </testcase> <!-- @BeforeMethod setUp -->
  <testcase name="@BeforeMethod setUp" time="0.0" classname="com.example.resources.Base">
    <failure type="org.testng.TestNGException" message="
Parameter &amp;apos;appURL&amp;apos; is required by BeforeMethod on method setUp but has not been marked @Optional or defined
in C:\workspace\FlipkartFramework\Grid.xml">
      <![CDATA[org.testng.TestNGException: 
Parameter 'appURL' is required by BeforeMethod on method setUp but has not been marked @Optional or defined
in C:\workspace\FlipkartFramework\Grid.xml
at java.util.concurrent.FutureTask.run(Unknown Source)
at java.util.concurrent.ThreadPoolExecutor.runWorker(Unknown Source)
at java.util.concurrent.ThreadPoolExecutor$Worker.run(Unknown Source)
at java.lang.Thread.run(Unknown Source)
... Removed 16 stack frames]]>
    </failure>
  </testcase> <!-- @BeforeMethod setUp -->
  <testcase name="@AfterMethod tearDown" time="0.0" classname="com.example.resources.Base">
    <skipped/>
  </testcase> <!-- @AfterMethod tearDown -->
  <testcase name="@AfterMethod tearDown" time="0.0" classname="com.example.resources.Base">
    <skipped/>
  </testcase> <!-- @AfterMethod tearDown -->
  <testcase name="flipkartLogin" time="0.0" classname="com.example.tests.E2E_test_Flipkart_Grid">
    <skipped/>
  </testcase> <!-- flipkartLogin -->
</testsuite> <!-- ChromeTest -->
